<?xml version="1.0" encoding="UTF-8"?>
<testng-results skipped="0" failed="0" ignored="0" total="2" passed="2">
  <reporter-output>
  </reporter-output>
  <suite name="Default suite" duration-ms="267" started-at="2020-02-28T15:42:23 IST" finished-at="2020-02-28T15:42:23 IST">
    <groups>
    </groups>
    <test name="Default test" duration-ms="267" started-at="2020-02-28T15:42:23 IST" finished-at="2020-02-28T15:42:23 IST">
      <class name="TestNG.TestDemo">
        <test-method status="PASS" signature="bef()[pri:0, instance:TestNG.TestDemo@10694f1]" name="bef" is-config="true" duration-ms="93" started-at="2020-02-28T15:42:23 IST" finished-at="2020-02-28T15:42:23 IST">
          <reporter-output>
          </reporter-output>
        </test-method> <!-- bef -->
        <test-method status="PASS" signature="befMethod()[pri:0, instance:TestNG.TestDemo@10694f1]" name="befMethod" is-config="true" duration-ms="0" started-at="2020-02-28T15:42:23 IST" finished-at="2020-02-28T15:42:23 IST">
          <reporter-output>
          </reporter-output>
        </test-method> <!-- befMethod -->
        <test-method status="PASS" signature="testdemo()[pri:0, instance:TestNG.TestDemo@10694f1]" name="testdemo" duration-ms="15" started-at="2020-02-28T15:42:23 IST" finished-at="2020-02-28T15:42:23 IST">
          <reporter-output>
          </reporter-output>
        </test-method> <!-- testdemo -->
        <test-method status="PASS" signature="befMethod()[pri:0, instance:TestNG.TestDemo@10694f1]" name="befMethod" is-config="true" duration-ms="0" started-at="2020-02-28T15:42:23 IST" finished-at="2020-02-28T15:42:23 IST">
          <reporter-output>
          </reporter-output>
        </test-method> <!-- befMethod -->
        <test-method status="PASS" signature="testdemo1()[pri:0, instance:TestNG.TestDemo@10694f1]" name="testdemo1" duration-ms="0" started-at="2020-02-28T15:42:23 IST" finished-at="2020-02-28T15:42:23 IST">
          <reporter-output>
          </reporter-output>
        </test-method> <!-- testdemo1 -->
        <test-method status="PASS" signature="aftMethod()[pri:0, instance:TestNG.TestDemo@10694f1]" name="aftMethod" is-config="true" duration-ms="0" started-at="2020-02-28T15:42:23 IST" finished-at="2020-02-28T15:42:23 IST">
          <reporter-output>
          </reporter-output>
        </test-method> <!-- aftMethod -->
        <test-method status="PASS" signature="aftMethod()[pri:0, instance:TestNG.TestDemo@10694f1]" name="aftMethod" is-config="true" duration-ms="0" started-at="2020-02-28T15:42:23 IST" finished-at="2020-02-28T15:42:23 IST">
          <reporter-output>
          </reporter-output>
        </test-method> <!-- aftMethod -->
        <test-method status="PASS" signature="aft()[pri:0, instance:TestNG.TestDemo@10694f1]" name="aft" is-config="true" duration-ms="0" started-at="2020-02-28T15:42:23 IST" finished-at="2020-02-28T15:42:23 IST">
          <reporter-output>
          </reporter-output>
        </test-method> <!-- aft -->
      </class> <!-- TestNG.TestDemo -->
    </test> <!-- Default test -->
  </suite> <!-- Default suite -->
</testng-results>
